SF:lib/src/entities/cnpj.dart
DA:7,0
DA:8,0
DA:10,0
DA:12,0
DA:15,0
DA:16,0
DA:18,0
DA:20,0
LF:8
LH:0
end_of_record
SF:lib/src/entities/cpf.dart
DA:16,1
DA:22,2
DA:25,2
DA:31,1
DA:33,1
DA:34,1
DA:36,1
DA:40,1
DA:42,1
DA:43,1
DA:45,1
DA:49,0
DA:50,0
DA:53,0
DA:59,1
DA:60,1
DA:62,2
DA:64,2
DA:70,2
DA:71,5
DA:73,2
DA:74,1
DA:78,2
DA:79,5
DA:81,2
DA:82,1
DA:84,3
DA:85,3
DA:93,1
DA:94,2
DA:100,0
DA:101,0
DA:102,0
DA:105,0
DA:106,0
DA:108,0
DA:109,0
DA:112,0
DA:113,0
DA:115,0
DA:116,0
DA:118,0
LF:42
LH:27
end_of_record
