SF:lib/src/entities/cnpj.dart
DA:7,0
DA:8,0
DA:10,0
DA:12,0
DA:15,0
DA:16,0
DA:18,0
DA:20,0
LF:8
LH:0
end_of_record
SF:lib/src/entities/cpf.dart
DA:16,1
DA:22,2
DA:25,2
DA:31,1
DA:33,1
DA:34,1
DA:36,1
DA:40,1
DA:42,1
DA:43,1
DA:45,1
DA:49,1
DA:50,1
DA:53,1
DA:59,1
DA:60,1
DA:62,3
DA:64,2
DA:70,2
DA:71,5
DA:73,2
DA:74,1
DA:78,2
DA:79,5
DA:81,2
DA:82,1
DA:84,3
DA:85,3
DA:93,1
DA:94,2
DA:100,1
DA:101,1
DA:103,2
DA:104,3
DA:107,2
DA:108,2
DA:110,1
DA:113,1
DA:114,3
DA:116,2
DA:118,1
DA:120,3
DA:121,4
DA:124,4
DA:126,2
LF:45
LH:45
end_of_record
